Arguments: 
  C:\Program Files\nodejs\node.exe C:\Program Files (x86)\Yarn\bin\yarn.js

PATH: 
  C:\Users\maluen\bin;C:\Program Files\Git\mingw64\bin;C:\Program Files\Git\usr\local\bin;C:\Program Files\Git\usr\bin;C:\Program Files\Git\usr\bin;C:\Program Files\Git\cmd;C:\Program Files\ConEmu\ConEmu\Scripts;C:\Program Files\ConEmu;C:\Program Files\ConEmu\ConEmu;C:\Python27;C:\Python27\Scripts;C:\Program Files (x86)\Intel\iCLS Client;C:\Program Files\Intel\iCLS Client;C:\Windows\system32;C:\Windows;C:\Windows\System32\Wbem;C:\Windows\System32\WindowsPowerShell\v1.0;C:\Program Files\Intel\Intel(R) Management Engine Components\DAL;C:\Program Files (x86)\Intel\Intel(R) Management Engine Components\DAL;C:\Program Files\Intel\Intel(R) Management Engine Components\IPT;C:\Program Files (x86)\Intel\Intel(R) Management Engine Components\IPT;C:\apache-maven-3.3.3\bin;C:\Program Files\Calibre2;C:\Program Files (x86)\Livestreamer;C:\Program Files\MongoDB\Server\3.0\bin;C:\WINDOWS\system32;C:\WINDOWS;C:\WINDOWS\System32\Wbem;C:\WINDOWS\System32\WindowsPowerShell\v1.0;C:\Program Files (x86)\Pandoc;C:\ProgramData\chocolatey\bin;C:\Program Files (x86)\GtkSharp\2.12\bin;C:\Program Files (x86)\NVIDIA Corporation\PhysX\Common;C:\WINDOWS\system32;C:\WINDOWS;C:\WINDOWS\System32\Wbem;C:\WINDOWS\System32\WindowsPowerShell\v1.0;C:\HashiCorp\Vagrant\bin;C:\Program Files\nodejs;C:\WINDOWS\System32\OpenSSH;C:\Program Files\Git\cmd;C:\Program Files\Git\mingw64\bin;C:\Program Files\Git\usr\bin;C:\Program Files\CMake\bin;C:\Program Files (x86)\Yarn\bin;C:\Users\maluen\AppData\Local\Android\sdk\platform-tools;C:\Users\maluen\.cargo\bin;C:\Ruby24-x64\bin;C:\Users\maluen\AppData\Local\Microsoft\WindowsApps;C:\Program Files\Oracle\VirtualBox;C:\Users\maluen\AppData\Local\atom\bin;C:\Program Files (x86)\Microsoft VS Code\bin;C:\Users\maluen\AppData\Local\Microsoft\WindowsApps;C:\Users\maluen\AppData\Roaming\npm;C:\Program Files\Docker Toolbox;C:\Users\maluen\AppData\Local\Yarn\bin;C:\Program Files\Git\usr\bin\vendor_perl;C:\Program Files\Git\usr\bin\core_perl

Yarn version: 
  1.9.4

Node version: 
  8.11.0

Platform: 
  win32 x64

Trace: 
  Error: https://registry.yarnpkg.com/webmiddle-component-arraymap: Not found
      at Request.params.callback [as _callback] (C:\Program Files (x86)\Yarn\lib\cli.js:64202:18)
      at Request.self.callback (C:\Program Files (x86)\Yarn\lib\cli.js:137468:22)
      at emitTwo (events.js:126:13)
      at Request.emit (events.js:214:7)
      at Request.<anonymous> (C:\Program Files (x86)\Yarn\lib\cli.js:138440:10)
      at emitOne (events.js:116:13)
      at Request.emit (events.js:211:7)
      at IncomingMessage.<anonymous> (C:\Program Files (x86)\Yarn\lib\cli.js:138362:12)
      at Object.onceWrapper (events.js:313:30)
      at emitNone (events.js:111:20)

npm manifest: 
  {
    "name": "webmiddle-starter-app",
    "private": true,
    "version": "0.1.0",
    "description": "webmiddle starter app",
    "main": "dist/index.js",
    "files": [
      "dist"
    ],
    "engines": {
      "node": "^6.9.0 || >=8.0.0"
    },
    "scripts": {
      "test": "ava",
      "test:watch": "npm run test -- --watch",
      "clean": "rimraf dist",
      "babel": "babel src --out-dir dist --source-maps inline",
      "build": "npm run clean && npm run babel",
      "build:watch": "npm run clean && npm run babel -- --watch",
      "prepublish": "npm run build"
    },
    "ava": {
      "files": [
        "tests/*.js"
      ],
      "source": [
        "**/*.{js,jsx}",
        "!dist/**/*"
      ],
      "concurrency": 5,
      "failFast": true,
      "tap": true,
      "require": [
        "babel-register"
      ],
      "babel": "inherit"
    },
    "dependencies": {
      "webmiddle": "^0.3.0",
      "webmiddle-server": "^0.3.0",
      "webmiddle-component-arraymap": "^0.3.0",
      "webmiddle-component-cheerio-to-json": "^0.3.0",
      "webmiddle-component-cheerio-to-virtual": "^0.3.0",
      "webmiddle-component-http-request": "^0.3.0",
      "webmiddle-component-jsonselect-to-json": "^0.3.0",
      "webmiddle-component-jsonselect-to-virtual": "^0.3.0",
      "webmiddle-component-parallel": "^0.3.0",
      "webmiddle-component-pipe": "^0.3.0",
      "webmiddle-component-resume": "^0.3.0",
      "webmiddle-component-virtual-to-json": "^0.3.0"
    },
    "devDependencies": {
      "ava": "^0.19.1",
      "babel-cli": "^6.24.1",
      "babel-core": "^6.24.1",
      "babel-eslint": "^7.2.2",
      "babel-plugin-transform-react-jsx": "^6.24.1",
      "babel-plugin-transform-runtime": "^6.23.0",
      "babel-preset-env": "^1.4.0",
      "babel-preset-es2015": "^6.24.1",
      "babel-preset-stage-0": "^6.24.1",
      "babel-register": "^6.24.1",
      "babel-runtime": "^6.23.0",
      "eslint": "^3.19.0",
      "eslint-config-airbnb": "^14.1.0",
      "eslint-plugin-import": "^2.2.0",
      "eslint-plugin-jsx-a11y": "^4.0.0",
      "eslint-plugin-react": "^6.10.3",
      "rimraf": "^2.6.1"
    }
  }

yarn manifest: 
  No manifest

Lockfile: 
  No lockfile
